1	N	48
1	J	48
0	J	48
1	R	48
2	N	49
2	J	49
1	W	49
2	R	49
3	N	63
3	J	64
2	J	64
3	R	64
3	W	68
2	R	68
2	E	74
1	J	74
1	R	74
4	N	74
4	J	74
1	W	74
4	R	74
5	N	106
5	J	107
4	W	107
5	R	107
4	J	109
5	E	110
4	R	110
4	W	115
0	R	115
4	J	2121
4	R	2121
4	W	2122
0	R	2122
4	J	2158
4	R	2158
4	W	2158
0	R	2158
4	J	2221
4	R	2221
4	W	2221
0	R	2221
4	J	2294
4	R	2294
4	W	2294
0	R	2294
4	J	2889
4	R	2889
4	W	2889
0	R	2889
4	J	2942
4	R	2942
4	W	2942
0	R	2942
3	J	3067
3	R	3067
3	W	3067
0	R	3067
4	J	3178
4	R	3178
4	W	3178
0	R	3178
4	J	3233
4	R	3233
4	W	3233
0	R	3233
4	J	3414
4	R	3414
4	W	3414
0	R	3414
4	J	3433
4	R	3433
4	W	3433
0	R	3433
4	J	3913
4	R	3913
6	N	3915
6	J	3916
4	W	3916
6	R	3916
6	E	3933
4	J	3933
4	R	3933
7	N	3933
7	J	3934
4	W	3934
7	R	3934
4	J	3936
7	E	3937
4	R	3937
4	W	3937
0	R	3937
4	J	8710
4	R	8710
4	W	8710
0	R	8710
4	J	8760
4	R	8760
4	W	8760
0	R	8760
4	J	8853
4	R	8853
4	W	8853
0	R	8853
4	J	8919
4	R	8919
4	W	8919
0	R	8919
4	J	8982
4	R	8982
4	W	8982
0	R	8983
4	J	9041
4	R	9041
4	W	9041
0	R	9041
4	J	10299
4	R	10299
4	W	10299
0	R	10300
4	J	11062
4	R	11062
4	W	11062
0	R	11062
4	J	11094
4	R	11094
4	W	11094
0	R	11094
4	J	11358
4	R	11358
4	W	11358
0	R	11358
4	J	11398
4	R	11398
4	W	11398
0	R	11399
4	J	11795
4	R	11795
4	W	11795
0	R	11795
4	J	11829
4	R	11829
4	W	11829
0	R	11829
4	J	15575
4	R	15575
4	W	15575
0	R	15575
4	J	15599
4	R	15599
4	W	15599
0	R	15599
4	J	16235
4	R	16235
4	W	16235
0	R	16236
4	J	16279
4	R	16279
4	W	16279
0	R	16279
4	J	16721
4	R	16721
4	W	16721
0	R	16721
4	J	17205
4	R	17205
4	W	17205
0	R	17205
4	J	17251
4	R	17251
4	W	17252
0	R	17252
4	J	17850
4	R	17850
4	W	17851
0	R	17851
4	J	17895
4	R	17895
4	W	17895
0	R	17895
4	J	18031
4	R	18031
4	W	18031
0	R	18031
4	J	18059
4	R	18059
4	W	18059
0	R	18059
4	J	18302
4	R	18302
4	W	18302
0	R	18302
4	J	18362
4	R	18362
4	W	18362
0	R	18362
4	J	18455
4	R	18455
4	W	18455
0	R	18455
4	J	18510
4	R	18510
4	W	18510
0	R	18511
4	J	18942
4	R	18942
4	W	18942
0	R	18942
4	J	20373
4	R	20373
4	W	20373
0	R	20373
4	J	20401
4	R	20401
4	W	20401
0	R	20401
4	J	20939
4	R	20940
4	W	20940
0	R	20940
4	J	20969
4	R	20969
4	W	20969
0	R	20969
4	J	21513
4	R	21513
4	W	21513
0	R	21513
4	J	21572
4	R	21572
4	W	21572
0	R	21572
4	J	21635
4	R	21635
4	W	21635
0	R	21635
4	J	21666
4	R	21666
4	W	21666
0	R	21666
4	J	22988
4	R	22988
4	W	22989
0	R	22989
4	J	23059
4	R	23059
4	W	23059
0	R	23059
4	J	23561
4	R	23561
4	W	23561
0	R	23561
4	J	23614
4	R	23614
4	W	23614
0	R	23614
4	J	23713
4	R	23713
4	W	23714
0	R	23714
4	J	23763
4	R	23763
4	W	23763
0	R	23763
4	J	23804
4	R	23804
4	W	23805
0	R	23805
4	J	23867
4	R	23867
4	W	23867
0	R	23867
4	J	25116
4	R	25116
4	W	25116
0	R	25116
4	J	25140
4	R	25140
4	W	25140
0	R	25141
4	J	25315
4	R	25315
4	W	25315
0	R	25315
4	J	25360
4	R	25360
4	W	25360
0	R	25360
4	J	26789
4	R	26789
4	W	26789
0	R	26789
4	J	26837
4	R	26837
4	W	26837
0	R	26837
4	J	26909
4	R	26909
4	W	26909
0	R	26909
4	J	26944
4	R	26944
4	W	26944
0	R	26944
4	J	27002
4	R	27002
4	W	27002
0	R	27002
4	J	27031
4	R	27031
4	W	27031
0	R	27031
4	J	27093
4	R	27093
4	W	27093
0	R	27093
4	J	27127
4	R	27127
4	W	27127
0	R	27127
4	J	27173
4	R	27173
4	W	27173
0	R	27173
4	J	27210
4	R	27210
4	W	27210
0	R	27210
4	J	27264
4	R	27264
4	W	27265
0	R	27265
4	J	27294
4	R	27294
4	W	27294
0	R	27294
4	J	27454
4	R	27454
4	W	27454
0	R	27454
4	J	27486
4	R	27486
4	W	27486
0	R	27486
4	J	27558
4	R	27558
4	W	27558
0	R	27558
4	J	27591
4	R	27591
4	W	27591
0	R	27591
4	J	27646
4	R	27646
4	W	27646
0	R	27646
4	J	27685
4	R	27685
4	W	27685
0	R	27685
4	J	27737
4	R	27737
4	W	27737
0	R	27737
4	J	27783
4	R	27783
4	W	27783
0	R	27783
4	J	27834
4	R	27834
4	W	27834
0	R	27834
4	J	27879
4	R	27879
4	W	27879
0	R	27879
4	J	27933
4	R	27933
4	W	27933
0	R	27933
4	J	27974
4	R	27974
4	W	27974
0	R	27974
4	J	28053
4	R	28053
4	W	28053
0	R	28053
4	J	28106
4	R	28106
4	W	28106
0	R	28106
4	J	28150
4	R	28150
4	W	28150
0	R	28150
4	J	28193
4	R	28193
4	W	28194
0	R	28194
4	J	28271
4	R	28271
4	W	28271
0	R	28271
4	J	28321
4	R	28321
4	W	28321
0	R	28321
4	J	28364
4	R	28364
4	W	28364
0	R	28364
4	J	28413
4	R	28413
4	W	28413
0	R	28413
4	J	28468
4	R	28468
4	W	28468
0	R	28468
4	J	29159
4	R	29159
4	W	29159
0	R	29159
4	J	29208
4	R	29208
4	W	29208
0	R	29208
4	J	30186
4	R	30186
4	W	30186
0	R	30186
4	J	30196
4	R	30196
4	W	30196
0	R	30196
4	J	30280
4	R	30280
4	W	30280
0	R	30280
4	J	30304
4	R	30304
4	W	30304
0	R	30304
4	J	30352
4	R	30352
4	W	30352
0	R	30353
4	J	30389
4	R	30389
4	W	30389
0	R	30389
4	J	32170
4	R	32170
4	W	32170
0	R	32170
4	J	32218
4	R	32218
4	W	32218
0	R	32218
4	J	32511
4	R	32511
4	W	32511
0	R	32511
4	J	32562
4	R	32562
4	W	32562
0	R	32562
4	J	33547
4	R	33547
4	W	33547
0	R	33547
4	J	33604
4	R	33604
4	W	33604
0	R	33604
4	J	34973
4	R	34973
4	W	34973
0	R	34973
4	J	35280
4	R	35280
4	J	35280
4	J	35280
4	W	35280
0	R	35280
4	J	35331
4	R	35331
4	J	35331
4	J	35331
4	W	35331
0	R	35331
4	J	35711
4	R	35711
4	J	35711
4	J	35711
4	J	35711
4	J	35712
4	W	35712
0	R	35712
4	J	35714
4	R	35714
4	J	35714
4	W	35714
4	W	35714
4	J	35714
4	W	35714
4	J	35714
4	W	35715
0	R	35715
4	J	35741
4	R	35741
4	J	35742
4	W	35742
0	R	35742
4	J	35793
4	R	35793
4	J	35793
4	J	35793
4	W	35793
0	R	35793
4	J	35848
4	R	35848
4	J	35848
4	W	35848
4	W	35848
0	R	35848
4	J	35902
4	R	35902
4	W	35902
0	R	35902
4	J	35960
4	R	35960
4	J	35960
4	J	35960
4	W	35960
0	R	35961
4	J	36006
4	R	36006
4	J	36006
4	W	36006
4	W	36007
0	R	36007
4	J	36057
4	R	36057
4	J	36058
4	W	36058
4	W	36058
0	R	36058
4	J	36094
4	R	36094
4	J	36095
4	W	36095
0	R	36095
4	J	36150
4	R	36150
4	J	36150
4	J	36150
4	W	36150
0	R	36150
4	J	36203
4	R	36203
4	J	36203
4	J	36203
4	W	36204
0	R	36204
4	J	36246
4	R	36246
4	J	36246
4	W	36246
4	W	36246
0	R	36246
4	J	36262
4	R	36262
4	W	36262
0	R	36262
4	J	37763
4	R	37763
8	N	37764
8	J	37765
4	W	37765
8	R	37765
9	N	37770
9	J	37770
8	W	37770
9	R	37771
9	E	37823
8	J	37823
8	R	37823
10	N	37824
10	J	37825
8	W	37825
10	R	37825
10	E	37924
8	J	37924
8	R	37924
11	N	37925
11	J	37925
8	W	37925
11	R	37925
11	E	37951
8	J	37951
8	R	37951
12	N	37953
12	J	37953
8	W	37954
12	R	37954
12	E	38033
8	J	38033
8	R	38033
8	E	38035
4	J	38035
4	R	38035
13	N	38036
13	J	38036
4	W	38037
13	R	38037
4	J	38039
13	E	38039
4	R	38039
4	W	38040
0	R	38040
4	J	39490
4	R	39490
4	W	39490
0	R	39490
4	J	39541
4	R	39541
4	W	39541
0	R	39541
4	J	39565
4	R	39565
4	W	39565
0	R	39565
4	J	39592
4	R	39592
4	W	39592
0	R	39592
4	J	39801
4	R	39801
4	W	39801
0	R	39801
4	J	39850
4	R	39850
4	W	39850
0	R	39850
4	J	39980
4	R	39980
4	W	39980
0	R	39981
4	J	40040
4	R	40040
4	W	40040
0	R	40040
4	J	40070
4	R	40070
4	W	40070
0	R	40070
4	J	40100
4	R	40101
4	W	40101
0	R	40101
4	J	40259
4	R	40259
4	W	40259
0	R	40259
4	J	40349
4	R	40349
4	W	40349
0	R	40349
4	J	40440
4	R	40440
4	W	40440
0	R	40440
4	J	40496
4	R	40496
4	W	40496
0	R	40496
4	J	40684
4	R	40684
4	W	40684
0	R	40684
4	J	40721
4	R	40721
4	W	40721
0	R	40721
4	J	40774
4	R	40774
4	W	40774
0	R	40775
4	J	40821
4	R	40821
4	W	40821
0	R	40821
4	J	41942
4	R	41942
14	N	41943
14	J	41943
4	W	41944
14	R	41944
15	N	41945
15	J	41945
16	N	41946
16	J	41946
17	N	41946
17	J	41947
18	N	41947
18	J	41947
19	N	41948
19	J	41948
20	N	41948
20	J	41949
21	N	41949
21	J	41949
22	N	41950
22	J	41950
23	N	41950
23	J	41951
24	N	41951
24	J	41951
14	W	41952
24	R	41952
24	J	41967
23	R	41967
23	J	41982
22	R	41982
22	J	41997
21	R	41997
21	J	42012
20	R	42012
20	J	42027
19	R	42027
19	J	42042
18	R	42042
18	J	42057
17	R	42057
17	J	42072
16	R	42072
16	J	42087
15	R	42087
15	W	42087
24	R	42087
24	J	42102
23	R	42102
23	J	42117
22	R	42117
22	J	42132
21	R	42132
21	J	42147
20	R	42147
20	J	42162
19	R	42162
19	J	42177
18	R	42177
15	J	42192
18	J	42192
15	R	42192
15	W	42192
17	R	42192
17	J	42207
16	R	42207
16	J	42222
24	R	42222
24	J	42237
23	R	42237
23	J	42252
22	R	42252
22	J	42267
21	R	42267
21	J	42282
20	R	42282
15	J	42297
20	J	42297
15	R	42297
15	W	42297
19	R	42297
19	J	42312
18	R	42312
18	J	42327
17	R	42327
17	J	42342
16	R	42342
16	J	42357
24	R	42357
24	J	42372
23	R	42372
23	J	42387
22	R	42387
15	J	42402
22	J	42402
15	R	42402
15	W	42402
21	R	42402
21	J	42417
20	R	42417
20	J	42432
19	R	42432
19	J	42447
18	R	42447
18	J	42462
17	R	42462
17	J	42477
16	R	42477
16	J	42492
24	R	42492
15	J	42507
24	J	42507
15	R	42507
15	W	42507
23	R	42507
23	J	42522
22	R	42522
22	J	42537
21	R	42537
21	J	42552
20	R	42552
20	J	42567
19	R	42567
19	J	42582
18	R	42582
18	J	42597
17	R	42597
15	J	42612
17	J	42612
15	R	42612
15	W	42612
16	R	42612
16	J	42627
24	R	42627
24	J	42642
23	R	42642
23	J	42657
22	R	42657
22	J	42672
21	R	42672
21	J	42687
20	R	42687
20	J	42702
19	R	42702
15	J	42717
19	J	42717
15	R	42717
15	W	42717
18	R	42717
18	J	42732
17	R	42732
17	J	42747
16	R	42747
16	J	42762
24	R	42762
24	J	42777
23	R	42777
23	J	42792
22	R	42792
22	J	42807
21	R	42807
15	J	42822
21	J	42822
15	R	42822
15	W	42822
20	R	42822
20	J	42837
19	R	42837
19	J	42852
18	R	42852
18	J	42867
17	R	42867
17	J	42882
16	R	42882
16	J	42897
24	R	42897
24	J	42912
23	R	42912
15	J	42927
23	J	42927
15	R	42927
15	W	42927
22	R	42927
22	J	42942
21	R	42942
21	J	42957
20	R	42957
20	J	42972
19	R	42972
19	J	42987
18	R	42987
18	J	43002
17	R	43002
17	J	43017
16	R	43017
15	J	43032
16	J	43032
15	R	43032
15	W	43032
24	R	43032
24	J	43047
23	R	43047
23	J	43062
22	R	43062
22	J	43077
21	R	43077
21	J	43092
20	R	43092
20	J	43107
19	R	43107
19	J	43122
18	R	43122
15	J	43137
18	J	43137
15	R	43137
15	W	43137
17	R	43137
17	J	43152
16	R	43152
16	J	43167
24	R	43167
24	J	43182
23	R	43182
23	J	43197
22	R	43197
22	J	43212
21	R	43212
21	J	43227
20	R	43227
15	J	43242
20	J	43242
15	R	43242
15	W	43242
19	R	43242
19	J	43257
18	R	43257
18	J	43272
17	R	43272
17	J	43287
16	R	43287
16	J	43302
24	R	43302
24	J	43317
23	R	43317
23	J	43332
22	R	43332
15	J	43347
22	J	43347
15	R	43347
15	W	43347
21	R	43347
21	J	43362
20	R	43362
20	J	43377
19	R	43377
19	J	43392
18	R	43392
18	J	43407
17	R	43407
17	J	43422
16	R	43422
16	J	43437
24	R	43437
15	J	43452
24	J	43452
15	R	43452
15	W	43452
23	R	43452
23	J	43467
22	R	43467
22	J	43482
21	R	43482
21	J	43497
20	R	43497
20	J	43512
19	R	43512
19	J	43527
18	R	43527
18	J	43542
17	R	43542
15	J	43557
17	J	43557
15	R	43557
15	W	43557
16	R	43557
16	J	43572
24	R	43572
24	J	43587
23	R	43587
23	J	43602
22	R	43602
22	J	43617
21	R	43617
21	J	43632
20	R	43632
20	J	43647
19	R	43647
15	J	43662
19	J	43662
15	R	43662
15	W	43662
18	R	43662
18	J	43677
17	R	43677
17	J	43692
16	R	43692
16	J	43707
24	R	43707
24	J	43722
23	R	43722
23	J	43737
22	R	43737
22	J	43752
21	R	43752
15	J	43767
21	J	43767
15	R	43767
15	W	43767
20	R	43767
20	J	43782
19	R	43782
19	J	43797
18	R	43797
18	J	43812
17	R	43812
17	J	43827
16	R	43827
16	W	43832
24	R	43832
24	J	43847
23	R	43847
23	J	43862
22	R	43862
15	J	43877
22	J	43877
15	R	43877
15	W	43877
21	R	43877
21	J	43892
20	R	43892
20	J	43907
19	R	43907
19	J	43922
18	R	43922
16	J	43937
18	J	43937
16	R	43937
16	W	43937
17	R	43937
17	J	43952
24	R	43952
24	J	43967
23	R	43967
15	J	43982
23	J	43982
15	R	43982
15	W	43982
22	R	43982
22	J	43997
21	R	43997
21	J	44012
20	R	44012
20	J	44027
19	R	44027
16	J	44042
19	J	44042
16	R	44042
16	W	44042
18	R	44042
18	J	44057
17	R	44057
17	J	44072
24	R	44072
15	J	44087
24	J	44087
15	R	44087
15	W	44087
23	R	44087
23	J	44102
22	R	44102
22	J	44117
21	R	44117
21	J	44132
20	R	44132
16	J	44147
20	J	44147
16	R	44147
16	W	44147
19	R	44147
19	J	44162
18	R	44162
18	J	44177
17	R	44177
15	J	44192
17	J	44192
15	R	44192
15	E	44192
14	J	44192
14	R	44192
14	E	44193
4	J	44193
4	R	44193
25	N	44193
25	J	44194
4	W	44194
25	R	44194
4	J	44196
25	E	44197
4	R	44197
4	W	44197
24	R	44197
24	J	44213
23	R	44213
23	J	44228
22	R	44228
22	J	44243
21	R	44243
16	J	44258
21	J	44258
16	R	44258
16	W	44258
20	R	44258
20	J	44273
19	R	44273
19	J	44288
18	R	44288
18	J	44303
17	R	44303
17	J	44318
24	R	44318
24	J	44333
23	R	44333
23	J	44348
22	R	44348
16	J	44363
22	J	44363
16	R	44363
16	W	44363
21	R	44363
21	J	44378
20	R	44378
20	J	44393
19	R	44393
19	J	44408
18	R	44408
18	J	44423
17	R	44423
17	J	44438
24	R	44438
24	J	44453
23	R	44453
16	J	44468
23	J	44468
16	R	44468
16	W	44468
22	R	44468
22	J	44483
21	R	44483
21	J	44498
20	R	44498
20	J	44513
19	R	44513
19	J	44528
18	R	44528
18	J	44543
17	R	44543
17	J	44558
24	R	44558
16	J	44573
24	J	44573
16	R	44573
16	W	44573
23	R	44573
23	J	44588
22	R	44588
22	J	44603
21	R	44603
21	J	44618
20	R	44618
20	J	44633
19	R	44633
19	J	44648
18	R	44648
18	J	44663
17	R	44663
16	J	44678
17	J	44678
16	R	44678
16	W	44678
24	R	44678
24	J	44693
23	R	44693
23	J	44708
22	R	44708
22	J	44723
21	R	44723
21	J	44738
20	R	44738
20	J	44753
19	R	44753
19	J	44768
18	R	44768
16	J	44783
18	J	44783
16	R	44783
16	W	44783
17	R	44783
17	J	44798
24	R	44798
24	J	44813
23	R	44813
23	J	44828
22	R	44828
22	J	44843
21	R	44843
21	J	44858
20	R	44858
20	J	44873
19	R	44873
16	J	44888
19	J	44888
16	R	44888
16	W	44888
18	R	44888
18	J	44903
17	R	44903
17	J	44918
24	R	44918
24	J	44933
23	R	44933
23	J	44948
22	R	44948
22	J	44963
21	R	44963
21	J	44978
20	R	44978
16	J	44993
20	J	44993
16	R	44993
16	W	44993
19	R	44993
19	J	45008
18	R	45008
18	J	45023
17	R	45023
17	J	45038
24	R	45038
24	J	45053
23	R	45053
23	J	45068
22	R	45068
22	J	45083
21	R	45083
16	J	45098
21	J	45098
16	R	45098
16	W	45098
20	R	45098
20	J	45113
19	R	45113
19	J	45128
18	R	45128
18	J	45143
17	R	45143
17	J	45158
24	R	45158
24	J	45173
23	R	45173
23	J	45188
22	R	45188
16	J	45203
22	J	45203
16	R	45203
16	W	45203
21	R	45203
21	J	45218
20	R	45218
20	J	45233
19	R	45233
19	J	45248
18	R	45248
18	J	45263
17	R	45263
17	J	45278
24	R	45278
24	J	45293
23	R	45293
16	J	45308
23	J	45308
16	R	45308
16	W	45308
22	R	45308
22	J	45323
21	R	45323
21	J	45338
20	R	45338
20	J	45353
19	R	45353
19	J	45368
18	R	45368
18	J	45383
17	R	45383
17	W	45393
24	R	45393
24	J	45408
23	R	45408
16	J	45423
23	J	45423
16	R	45423
16	W	45423
22	R	45423
22	J	45438
21	R	45438
21	J	45453
20	R	45453
20	J	45468
19	R	45468
19	J	45483
18	R	45483
17	J	45498
18	J	45498
17	R	45498
17	W	45498
24	R	45498
24	J	45513
23	R	45513
16	J	45528
23	J	45528
16	R	45528
16	W	45528
22	R	45528
22	J	45543
21	R	45543
21	J	45558
20	R	45558
20	J	45573
19	R	45573
19	J	45588
18	R	45588
17	J	45603
18	J	45603
17	R	45603
17	W	45603
24	R	45603
24	J	45618
23	R	45618
16	J	45633
23	J	45633
16	R	45633
16	W	45633
22	R	45633
22	J	45648
21	R	45648
21	J	45663
20	R	45663
20	J	45678
19	R	45678
19	J	45693
18	R	45693
17	J	45708
18	J	45708
17	R	45708
17	W	45708
24	R	45708
24	J	45723
23	R	45723
16	J	45738
23	J	45738
16	R	45738
16	E	45738
1	J	45738
1	R	45738
1	W	45738
22	R	45738
22	J	45753
21	R	45753
21	J	45768
20	R	45768
20	J	45783
19	R	45783
19	J	45798
18	R	45798
17	J	45813
18	J	45813
17	R	45813
17	W	45813
24	R	45813
24	J	45828
23	R	45828
23	J	45843
22	R	45843
22	J	45858
21	R	45858
21	J	45873
20	R	45873
20	J	45888
19	R	45888
19	J	45903
18	R	45903
17	J	45918
18	J	45918
17	R	45918
17	W	45918
24	R	45918
24	J	45933
23	R	45933
23	J	45948
22	R	45948
22	J	45963
21	R	45963
21	J	45978
20	R	45978
20	J	45993
19	R	45993
19	J	46008
18	R	46008
17	J	46023
18	J	46023
17	R	46023
17	W	46023
24	R	46023
24	J	46038
23	R	46038
23	J	46053
22	R	46053
22	J	46068
21	R	46068
21	J	46083
20	R	46083
20	J	46098
19	R	46098
19	J	46113
18	R	46113
17	J	46128
18	J	46128
17	R	46128
17	W	46128
24	R	46128
24	J	46143
23	R	46143
23	J	46158
22	R	46158
22	J	46173
21	R	46173
21	J	46188
20	R	46188
20	J	46203
19	R	46203
19	J	46218
18	R	46218
17	J	46233
18	J	46233
17	R	46233
17	W	46233
24	R	46233
24	J	46248
23	R	46248
23	J	46263
22	R	46263
22	J	46278
21	R	46278
21	J	46293
20	R	46293
20	J	46308
19	R	46308
19	J	46323
18	R	46323
17	J	46338
18	J	46338
17	R	46338
17	W	46338
24	R	46338
24	J	46353
23	R	46353
23	J	46368
22	R	46368
22	J	46383
21	R	46383
21	J	46398
20	R	46398
20	J	46413
19	R	46413
19	J	46428
18	R	46428
17	J	46443
18	J	46443
17	R	46443
17	W	46443
24	R	46443
24	J	46458
23	R	46458
23	J	46473
22	R	46473
22	J	46488
21	R	46488
21	J	46503
20	R	46503
20	J	46518
19	R	46518
19	J	46533
18	R	46533
17	J	46548
18	J	46548
17	R	46548
17	W	46548
24	R	46548
24	J	46563
23	R	46563
23	J	46578
22	R	46578
22	J	46593
21	R	46593
21	J	46608
20	R	46608
20	J	46623
19	R	46623
19	J	46638
18	R	46638
17	J	46653
18	J	46653
17	R	46653
17	W	46653
24	R	46653
24	J	46668
23	R	46668
23	J	46683
22	R	46683
22	J	46698
21	R	46698
21	J	46713
20	R	46713
20	J	46728
19	R	46728
19	J	46743
18	R	46743
17	J	46758
18	J	46758
17	R	46758
17	W	46758
24	R	46758
24	J	46773
23	R	46773
23	J	46788
22	R	46788
22	J	46803
21	R	46803
21	J	46818
20	R	46818
20	J	46833
19	R	46833
19	J	46848
18	R	46848
18	W	46848
24	R	46848
17	J	46863
24	J	46863
17	R	46863
17	W	46863
23	R	46863
23	J	46878
22	R	46878
22	J	46893
21	R	46893
21	J	46908
20	R	46908
20	J	46923
19	R	46923
19	J	46938
24	R	46938
18	J	46953
24	J	46953
18	R	46953
18	W	46953
23	R	46953
17	J	46968
23	J	46968
17	R	46968
17	W	46968
22	R	46968
22	J	46983
21	R	46983
21	J	46998
20	R	46998
20	J	47013
19	R	47013
19	J	47028
24	R	47028
24	J	47043
23	R	47043
18	J	47058
23	J	47058
18	R	47058
18	W	47058
22	R	47058
17	J	47073
22	J	47073
17	R	47073
17	E	47073
1	J	47073
1	R	47073
1	W	47073
21	R	47073
21	J	47088
20	R	47088
20	J	47103
19	R	47103
19	J	47118
24	R	47118
24	J	47133
23	R	47133
23	J	47148
22	R	47148
18	J	47163
22	J	47163
18	R	47163
18	W	47163
21	R	47163
21	J	47178
20	R	47178
20	J	47193
19	R	47193
19	J	47208
24	R	47208
24	J	47223
23	R	47223
23	J	47238
22	R	47238
22	J	47253
21	R	47253
18	J	47268
21	J	47268
18	R	47268
18	W	47268
20	R	47268
20	J	47283
19	R	47283
19	J	47298
24	R	47298
24	J	47313
23	R	47313
23	J	47328
22	R	47328
22	J	47343
21	R	47343
21	J	47358
20	R	47358
18	J	47373
20	J	47373
18	R	47373
18	W	47373
19	R	47373
19	J	47388
24	R	47388
24	J	47403
23	R	47403
23	J	47418
22	R	47418
22	J	47433
21	R	47433
21	J	47448
20	R	47448
20	J	47463
19	R	47463
18	J	47478
19	J	47478
18	R	47478
18	W	47478
24	R	47478
24	J	47493
23	R	47493
23	J	47508
22	R	47508
22	J	47523
21	R	47523
21	J	47538
20	R	47538
20	J	47553
19	R	47553
19	J	47568
24	R	47568
18	J	47583
24	J	47583
18	R	47583
18	W	47583
23	R	47583
23	J	47598
22	R	47598
22	J	47613
21	R	47613
21	J	47628
20	R	47628
20	J	47643
19	R	47643
19	J	47658
24	R	47658
24	J	47673
23	R	47673
18	J	47688
23	J	47688
18	R	47688
18	W	47688
22	R	47688
22	J	47703
21	R	47703
21	J	47718
20	R	47718
20	J	47733
19	R	47733
19	J	47748
24	R	47748
24	J	47763
23	R	47763
23	J	47778
22	R	47778
18	J	47793
22	J	47793
18	R	47793
18	W	47793
21	R	47793
21	J	47808
20	R	47808
20	J	47823
19	R	47823
19	J	47838
24	R	47838
24	J	47853
23	R	47853
23	J	47868
22	R	47868
22	J	47883
21	R	47883
18	J	47898
21	J	47898
18	R	47898
18	W	47898
20	R	47898
20	J	47913
19	R	47913
19	J	47928
24	R	47928
24	J	47943
23	R	47943
23	J	47958
22	R	47958
22	J	47973
21	R	47973
21	J	47988
20	R	47988
18	J	48003
20	J	48003
18	R	48003
18	W	48003
19	R	48003
19	W	48008
24	R	48008
24	J	48023
23	R	48023
23	J	48038
22	R	48038
22	J	48053
21	R	48053
21	J	48068
20	R	48068
20	J	48083
24	R	48083
24	J	48098
23	R	48098
19	J	48113
18	J	48113
23	J	48113
18	R	48113
18	W	48113
19	R	48113
19	W	48113
22	R	48113
22	J	48128
21	R	48128
21	J	48143
20	R	48143
20	J	48158
24	R	48158
24	J	48173
23	R	48173
23	J	48188
22	R	48188
22	J	48203
21	R	48203
19	J	48218
18	J	48218
21	J	48218
18	R	48218
18	W	48218
19	R	48218
19	W	48218
20	R	48218
20	J	48233
24	R	48233
24	J	48248
23	R	48248
23	J	48263
22	R	48263
22	J	48278
21	R	48278
21	J	48293
20	R	48293
20	J	48308
24	R	48308
19	J	48323
18	J	48323
24	J	48323
19	R	48323
19	W	48323
18	R	48323
18	E	48323
1	J	48323
1	R	48323
1	W	48323
23	R	48323
23	J	48338
22	R	48338
22	J	48353
21	R	48353
21	J	48368
20	R	48368
20	J	48383
24	R	48383
24	J	48398
23	R	48398
23	J	48413
22	R	48413
19	J	48428
22	J	48428
19	R	48428
19	W	48428
21	R	48428
21	J	48443
20	R	48443
20	J	48458
24	R	48458
24	J	48473
23	R	48473
23	J	48488
22	R	48488
22	J	48503
21	R	48503
21	J	48518
20	R	48518
19	J	48533
20	J	48533
19	R	48533
19	W	48533
24	R	48533
24	J	48548
23	R	48548
23	J	48563
22	R	48563
22	J	48578
21	R	48578
21	J	48593
20	R	48593
20	J	48608
24	R	48608
24	J	48623
23	R	48623
19	J	48638
23	J	48638
19	R	48638
19	W	48638
22	R	48638
22	J	48653
21	R	48653
21	J	48668
20	R	48668
20	J	48683
24	R	48683
24	J	48698
23	R	48698
23	J	48713
22	R	48713
22	J	48728
21	R	48728
19	J	48743
21	J	48743
19	R	48743
19	W	48743
20	R	48743
20	J	48758
24	R	48758
24	J	48773
23	R	48773
23	J	48788
22	R	48788
22	J	48803
21	R	48803
21	J	48818
20	R	48818
20	J	48833
24	R	48833
19	J	48848
24	J	48848
19	R	48848
19	W	48848
23	R	48848
23	J	48863
22	R	48863
22	J	48878
21	R	48878
21	J	48893
20	R	48893
20	J	48908
24	R	48908
24	J	48923
23	R	48923
23	J	48938
22	R	48938
19	J	48953
22	J	48953
19	R	48953
19	W	48953
21	R	48953
21	J	48968
20	R	48968
20	W	48978
24	R	48978
24	J	48993
23	R	48993
23	J	49008
22	R	49008
22	J	49023
21	R	49023
21	J	49038
24	R	49038
24	J	49053
23	R	49053
19	J	49068
23	J	49068
19	R	49068
19	W	49068
22	R	49068
20	J	49083
22	J	49083
20	R	49083
20	W	49083
21	R	49083
21	J	49098
24	R	49098
24	J	49113
23	R	49113
23	J	49128
22	R	49128
22	J	49143
21	R	49143
21	J	49158
24	R	49158
19	J	49173
24	J	49173
19	R	49173
19	W	49173
23	R	49173
20	J	49188
23	J	49188
20	R	49188
20	W	49188
22	R	49188
22	J	49203
21	R	49203
21	J	49218
24	R	49218
24	J	49233
23	R	49233
23	J	49248
22	R	49248
22	J	49263
21	R	49263
19	J	49278
21	J	49278
19	R	49278
19	E	49278
1	J	49278
1	R	49278
1	W	49278
24	R	49278
20	J	49293
24	J	49293
20	R	49293
20	W	49293
23	R	49293
23	J	49308
22	R	49308
22	J	49323
21	R	49323
21	J	49338
24	R	49338
24	J	49353
23	R	49353
23	J	49368
22	R	49368
22	J	49383
21	R	49383
20	J	49398
21	J	49398
20	R	49398
20	W	49398
24	R	49398
24	J	49413
23	R	49413
23	J	49428
22	R	49428
22	J	49443
21	R	49443
21	J	49458
24	R	49458
24	J	49473
23	R	49473
23	J	49488
22	R	49488
20	J	49503
22	J	49503
20	R	49503
20	W	49503
21	R	49503
21	J	49518
24	R	49518
24	J	49533
23	R	49533
23	J	49548
22	R	49548
22	J	49563
21	R	49563
21	J	49578
24	R	49578
24	J	49593
23	R	49593
20	J	49608
23	J	49608
20	R	49608
20	W	49608
22	R	49608
22	J	49623
21	R	49623
21	J	49638
24	R	49638
24	J	49653
23	R	49653
23	J	49668
22	R	49668
22	J	49683
21	R	49683
21	J	49698
24	R	49698
20	J	49713
24	J	49713
20	R	49713
20	W	49713
23	R	49713
23	J	49728
22	R	49728
22	J	49743
21	R	49743
21	J	49758
24	R	49758
24	J	49773
23	R	49773
23	J	49788
22	R	49788
22	J	49803
21	R	49803
21	W	49803
24	R	49803
20	J	49818
24	J	49818
20	R	49818
20	W	49818
23	R	49818
23	J	49833
22	R	49833
22	J	49848
24	R	49848
24	J	49863
23	R	49863
23	J	49878
22	R	49878
22	J	49893
24	R	49893
21	J	49908
24	J	49908
21	R	49908
21	W	49908
23	R	49908
20	J	49923
23	J	49923
20	R	49923
20	W	49923
22	R	49923
22	J	49938
24	R	49938
24	J	49953
23	R	49953
23	J	49968
22	R	49968
22	J	49983
24	R	49983
24	J	49998
23	R	49998
21	J	50013
23	J	50013
21	R	50013
21	W	50013
22	R	50013
20	J	50028
22	J	50028
20	R	50028
20	E	50028
1	J	50028
1	R	50028
1	W	50028
24	R	50028
24	J	50043
23	R	50043
23	J	50058
22	R	50058
22	J	50073
24	R	50073
24	J	50088
23	R	50088
23	J	50103
22	R	50103
21	J	50118
22	J	50118
21	R	50118
21	W	50118
24	R	50118
24	J	50133
23	R	50133
23	J	50148
22	R	50148
22	J	50163
24	R	50163
24	J	50178
23	R	50178
23	J	50193
22	R	50193
22	J	50208
24	R	50208
21	J	50223
24	J	50223
21	R	50223
21	W	50223
23	R	50223
23	J	50238
22	R	50238
22	J	50253
24	R	50253
24	J	50268
23	R	50268
23	J	50283
22	R	50283
22	J	50298
24	R	50298
24	J	50313
23	R	50313
21	J	50328
23	J	50328
21	R	50328
21	W	50328
22	R	50328
22	J	50343
24	R	50343
24	J	50358
23	R	50358
23	J	50373
22	R	50373
22	W	50378
24	R	50378
24	J	50393
23	R	50393
23	J	50408
24	R	50408
24	J	50423
23	R	50423
21	J	50438
23	J	50438
21	R	50438
21	W	50438
24	R	50438
24	J	50453
23	R	50453
23	J	50468
24	R	50468
22	J	50483
24	J	50483
22	R	50483
22	W	50483
23	R	50483
23	J	50498
24	R	50498
24	J	50513
23	R	50513
23	J	50528
24	R	50528
21	J	50543
24	J	50543
21	R	50543
21	W	50543
23	R	50543
23	J	50558
24	R	50558
24	J	50573
23	R	50573
22	J	50588
23	J	50588
22	R	50588
22	W	50588
24	R	50588
24	J	50603
23	R	50603
23	J	50618
24	R	50618
24	J	50633
23	R	50633
21	J	50648
23	J	50648
21	R	50648
21	E	50648
1	J	50648
1	R	50648
1	W	50648
24	R	50648
24	J	50663
23	R	50663
23	J	50678
24	R	50678
22	J	50693
24	J	50693
22	R	50693
22	W	50693
23	R	50693
23	J	50708
24	R	50708
24	J	50723
23	R	50723
23	J	50738
24	R	50738
24	J	50753
23	R	50753
23	W	50763
24	R	50763
22	J	50808
24	J	50808
22	R	50808
22	W	50808
24	R	50808
23	J	50868
24	J	50868
23	R	50868
23	W	50868
24	R	50868
22	J	50913
24	J	50913
22	R	50913
22	W	50913
24	R	50913
24	W	50958
0	R	50958
23	J	50969
23	R	50969
23	W	50969
0	R	50969
22	J	51014
22	R	51014
22	E	51014
1	J	51014
1	R	51014
1	W	51014
0	R	51014
24	J	51059
24	R	51059
24	W	51059
0	R	51059
23	J	51070
23	R	51070
23	W	51070
0	R	51070
24	J	51160
24	R	51160
24	E	51160
1	J	51160
1	R	51160
1	W	51160
0	R	51160
23	J	51171
23	R	51171
23	E	51171
1	J	51171
1	R	51171
1	W	51171
0	R	51171
4	J	52234
4	R	52234
4	W	52234
0	R	52234
4	J	52263
4	R	52263
4	W	52263
0	R	52263
4	J	52293
4	R	52293
4	W	52293
0	R	52293
4	J	52359
4	R	52359
4	W	52359
0	R	52359
4	J	52499
4	R	52499
26	N	52500
26	J	52500
4	W	52501
26	R	52501
26	E	52506
4	J	52507
4	R	52507
27	N	52507
27	J	52508
4	W	52508
27	R	52508
4	J	52510
27	E	52511
4	R	52511
4	W	52511
0	R	52511
4	J	52541
4	R	52541
4	W	52541
0	R	52541
4	J	70894
4	R	70894
4	W	70894
0	R	70894
4	J	70962
4	R	70963
4	W	70963
0	R	70963
4	J	70992
4	R	70992
4	W	70992
0	R	70992
4	J	71010
4	R	71010
4	W	71010
0	R	71010
4	J	71409
4	R	71409
4	W	71409
0	R	71409
4	J	71461
4	R	71461
4	W	71461
0	R	71461
4	J	71703
4	R	71703
4	W	71703
0	R	71703
4	J	71753
4	R	71753
4	W	71753
0	R	71753
4	J	71768
4	R	71768
4	W	71768
0	R	71768
4	J	71814
4	R	71814
4	W	71814
0	R	71814
4	J	72316
4	R	72316
4	W	72316
0	R	72316
4	J	72318
4	R	72318
4	W	72319
0	R	72319
4	J	73227
4	R	73227
4	W	73227
0	R	73227
4	J	73260
4	R	73260
4	W	73260
0	R	73260
4	J	73322
4	R	73322
4	W	73322
0	R	73322
4	J	73368
4	R	73368
4	W	73368
0	R	73368
4	J	74131
4	R	74131
28	N	74131
28	J	74132
4	W	74132
28	R	74132
29	N	74134
29	J	74134
30	N	74134
30	J	74135
31	N	74135
31	J	74136
32	N	74136
32	J	74136
33	N	74136
33	J	74137
34	N	74137
34	J	74138
35	N	74138
35	J	74138
36	N	74138
36	J	74139
37	N	74139
37	J	74140
38	N	74140
38	J	74140
28	W	74141
38	R	74141
38	J	74156
37	R	74156
37	J	74171
36	R	74171
36	J	74186
35	R	74186
35	J	74201
34	R	74201
34	J	74216
33	R	74216
33	J	74231
32	R	74231
32	J	74246
31	R	74246
31	J	74261
30	R	74261
30	J	74276
29	R	74276
29	W	74276
38	R	74276
38	J	74291
37	R	74291
37	J	74306
36	R	74306
36	J	74321
35	R	74321
35	J	74336
34	R	74336
34	J	74351
33	R	74351
33	J	74366
32	R	74366
29	J	74381
32	J	74381
29	R	74381
29	W	74381
31	R	74381
31	J	74396
30	R	74396
30	J	74411
38	R	74411
38	J	74426
37	R	74426
37	J	74441
36	R	74441
36	J	74456
35	R	74456
35	J	74471
34	R	74471
29	J	74486
34	J	74486
29	R	74486
29	W	74486
33	R	74486
33	J	74501
32	R	74501
32	J	74516
31	R	74516
31	J	74531
30	R	74531
30	J	74546
38	R	74546
38	J	74561
37	R	74561
37	J	74576
36	R	74576
29	J	74591
36	J	74591
29	R	74591
29	W	74591
35	R	74591
35	J	74606
34	R	74606
34	J	74621
33	R	74621
33	J	74636
32	R	74636
32	J	74651
31	R	74651
31	J	74666
30	R	74666
30	J	74681
38	R	74681
29	J	74696
38	J	74696
29	R	74696
29	W	74696
37	R	74696
37	J	74711
36	R	74711
36	J	74726
35	R	74726
35	J	74741
34	R	74741
34	J	74756
33	R	74756
33	J	74771
32	R	74771
32	J	74786
31	R	74786
29	J	74801
31	J	74801
29	R	74801
29	W	74801
30	R	74801
30	J	74816
38	R	74816
38	J	74831
37	R	74831
37	J	74846
36	R	74846
36	J	74861
35	R	74861
35	J	74876
34	R	74876
34	J	74891
33	R	74891
29	J	74906
33	J	74906
29	R	74906
29	W	74906
32	R	74906
32	J	74921
31	R	74921
31	J	74936
30	R	74936
30	J	74951
38	R	74951
38	J	74966
37	R	74966
37	J	74981
36	R	74981
36	J	74996
35	R	74996
29	J	75011
35	J	75011
29	R	75011
29	W	75011
34	R	75011
34	J	75026
33	R	75026
33	J	75041
32	R	75041
32	J	75056
31	R	75056
31	J	75071
30	R	75071
30	J	75086
38	R	75086
38	J	75101
37	R	75101
29	J	75116
37	J	75116
29	R	75116
29	W	75116
36	R	75116
36	J	75131
35	R	75131
35	J	75146
34	R	75146
34	J	75161
33	R	75161
33	J	75176
32	R	75176
32	J	75191
31	R	75191
31	J	75206
30	R	75206
29	J	75221
30	J	75221
29	R	75221
29	W	75221
38	R	75221
38	J	75236
37	R	75236
37	J	75251
36	R	75251
36	J	75266
35	R	75266
35	J	75281
34	R	75281
34	J	75296
33	R	75296
33	J	75311
32	R	75311
29	J	75326
32	J	75326
29	R	75326
29	W	75326
31	R	75326
31	J	75341
30	R	75341
30	J	75356
38	R	75356
38	J	75371
37	R	75371
37	J	75386
36	R	75386
36	J	75401
35	R	75401
35	J	75416
34	R	75416
29	J	75431
34	J	75431
29	R	75431
29	W	75431
33	R	75431
33	J	75446
32	R	75446
32	J	75461
31	R	75461
31	J	75476
30	R	75476
30	J	75491
38	R	75491
38	J	75506
37	R	75506
37	J	75521
36	R	75521
29	J	75536
36	J	75536
29	R	75536
29	W	75536
35	R	75536
35	J	75551
34	R	75551
34	J	75566
33	R	75566
33	J	75581
32	R	75581
32	J	75596
31	R	75596
31	J	75611
30	R	75611
30	J	75626
38	R	75626
29	J	75641
38	J	75641
29	R	75641
29	W	75641
37	R	75641
37	J	75656
36	R	75656
36	J	75671
35	R	75671
35	J	75686
34	R	75686
34	J	75701
33	R	75701
33	J	75716
32	R	75716
32	J	75731
31	R	75731
29	J	75746
31	J	75746
29	R	75746
29	W	75746
30	R	75746
30	J	75761
38	R	75761
38	J	75776
37	R	75776
37	J	75791
36	R	75791
36	J	75806
35	R	75806
35	J	75821
34	R	75821
34	J	75836
33	R	75836
29	J	75851
33	J	75851
29	R	75851
29	W	75851
32	R	75851
32	J	75866
31	R	75866
31	J	75881
30	R	75881
30	J	75896
38	R	75896
38	J	75911
37	R	75911
37	J	75926
36	R	75926
36	J	75941
35	R	75941
29	J	75956
35	J	75956
29	R	75956
29	W	75956
34	R	75956
34	J	75971
33	R	75971
33	J	75986
32	R	75986
32	J	76001
31	R	76001
31	J	76016
30	R	76016
30	W	76021
38	R	76021
38	J	76036
37	R	76036
37	J	76051
36	R	76051
29	J	76066
36	J	76066
29	R	76066
29	W	76066
35	R	76066
35	J	76081
34	R	76081
34	J	76096
33	R	76096
33	J	76111
32	R	76111
30	J	76126
32	J	76126
30	R	76126
30	W	76126
31	R	76126
31	J	76141
38	R	76141
38	J	76156
37	R	76156
29	J	76171
37	J	76171
29	R	76171
29	W	76171
36	R	76171
36	J	76186
35	R	76186
35	J	76201
34	R	76201
34	J	76216
33	R	76216
30	J	76231
33	J	76231
30	R	76231
30	W	76231
32	R	76231
32	J	76246
31	R	76246
31	J	76261
38	R	76261
29	J	76276
38	J	76276
29	R	76276
29	W	76276
37	R	76276
37	J	76291
36	R	76291
36	J	76306
35	R	76306
35	J	76321
34	R	76321
30	J	76336
34	J	76336
30	R	76336
30	W	76336
33	R	76336
33	J	76351
32	R	76351
32	J	76366
31	R	76366
29	J	76381
31	J	76381
29	R	76381
29	E	76381
28	J	76381
28	R	76381
28	E	76382
4	J	76382
4	R	76382
39	N	76382
39	J	76383
4	W	76383
39	R	76383
4	J	76385
39	E	76386
4	R	76386
4	W	76386
38	R	76386
38	J	76401
37	R	76401
37	J	76416
36	R	76416
36	J	76431
35	R	76431
30	J	76446
35	J	76446
30	R	76446
30	W	76446
34	R	76446
34	J	76461
33	R	76461
33	J	76476
32	R	76476
32	J	76491
31	R	76491
31	J	76506
38	R	76506
38	J	76521
37	R	76521
37	J	76536
36	R	76536
30	J	76551
36	J	76551
30	R	76551
30	W	76551
35	R	76551
35	J	76566
34	R	76566
34	J	76581
33	R	76581
33	J	76596
32	R	76596
32	J	76611
31	R	76611
31	J	76626
38	R	76626
38	J	76641
37	R	76641
30	J	76656
37	J	76656
30	R	76656
30	W	76656
36	R	76656
36	J	76671
35	R	76671
35	J	76686
34	R	76686
34	J	76701
33	R	76701
33	J	76716
32	R	76716
32	J	76731
31	R	76731
31	J	76746
38	R	76746
30	J	76761
38	J	76761
30	R	76761
30	W	76761
37	R	76761
37	J	76776
36	R	76776
36	J	76791
35	R	76791
35	J	76806
34	R	76806
34	J	76821
33	R	76821
33	J	76836
32	R	76836
32	J	76851
31	R	76851
30	J	76866
31	J	76866
30	R	76866
30	W	76866
38	R	76866
38	J	76881
37	R	76881
37	J	76896
36	R	76896
36	J	76911
35	R	76911
35	J	76926
34	R	76926
34	J	76941
33	R	76941
33	J	76956
32	R	76956
30	J	76971
32	J	76971
30	R	76971
30	W	76971
31	R	76971
31	J	76986
38	R	76986
38	J	77001
37	R	77001
37	J	77016
36	R	77016
36	J	77031
35	R	77031
35	J	77046
34	R	77046
34	J	77061
33	R	77061
30	J	77076
33	J	77076
30	R	77076
30	W	77076
32	R	77076
32	J	77091
31	R	77091
31	J	77106
38	R	77106
38	J	77121
37	R	77121
37	J	77136
36	R	77136
36	J	77151
35	R	77151
35	J	77166
34	R	77166
30	J	77181
34	J	77181
30	R	77181
30	W	77181
33	R	77181
33	J	77196
32	R	77196
32	J	77211
31	R	77211
31	J	77226
38	R	77226
38	J	77241
37	R	77241
37	J	77256
36	R	77256
36	J	77271
35	R	77271
30	J	77286
35	J	77286
30	R	77286
30	W	77286
34	R	77286
34	J	77301
33	R	77301
33	J	77316
32	R	77316
32	J	77331
31	R	77331
31	J	77346
38	R	77346
38	J	77361
37	R	77361
37	J	77376
36	R	77376
30	J	77391
36	J	77391
30	R	77391
30	W	77391
35	R	77391
35	J	77406
34	R	77406
34	J	77421
33	R	77421
33	J	77436
32	R	77436
32	J	77451
31	R	77451
31	J	77466
38	R	77466
38	J	77481
37	R	77481
30	J	77496
37	J	77496
30	R	77496
30	W	77496
36	R	77496
36	J	77511
35	R	77511
35	J	77526
34	R	77526
34	J	77541
33	R	77541
33	J	77556
32	R	77556
4	J	77569
32	J	77571
4	R	77571
4	W	77571
31	R	77571
31	W	77581
38	R	77581
4	J	77595
38	J	77596
4	R	77596
4	W	77596
37	R	77596
30	J	77611
37	J	77611
30	R	77611
30	W	77611
36	R	77611
36	J	77626
35	R	77626
35	J	77641
34	R	77641
34	J	77656
33	R	77656
33	J	77671
32	R	77671
31	J	77686
32	J	77686
31	R	77686
31	W	77686
38	R	77686
38	J	77701
37	R	77701
30	J	77716
37	J	77716
30	R	77716
30	W	77716
36	R	77716
36	J	77731
35	R	77731
35	J	77746
34	R	77746
34	J	77761
33	R	77761
4	J	77763
33	J	77776
4	R	77776
4	W	77776
32	R	77776
31	J	77791
32	J	77791
31	R	77791
31	W	77791
38	R	77791
4	J	77793
38	J	77806
4	R	77806
4	W	77806
37	R	77806
30	J	77821
37	J	77821
30	R	77821
30	W	77821
36	R	77821
36	J	77836
35	R	77836
35	J	77851
34	R	77851
34	J	77866
33	R	77866
33	J	77881
32	R	77881
31	J	77896
32	J	77896
31	R	77896
31	W	77896
38	R	77896
38	J	77911
37	R	77911
30	J	77926
37	J	77926
30	R	77926
30	E	77926
1	J	77926
1	R	77926
1	W	77926
36	R	77926
36	J	77941
35	R	77941
35	J	77956
34	R	77956
34	J	77971
33	R	77971
33	J	77986
32	R	77986
31	J	78001
32	J	78001
31	R	78001
31	W	78001
38	R	78001
38	J	78016
37	R	78016
37	J	78031
36	R	78031
4	J	78035
36	J	78046
4	R	78046
4	W	78046
35	R	78046
35	J	78061
34	R	78061
34	J	78076
33	R	78076
4	J	78081
33	J	78091
4	R	78091
4	W	78091
32	R	78091
31	J	78106
32	J	78106
31	R	78106
31	W	78106
38	R	78106
38	J	78121
37	R	78121
4	J	78121
37	J	78136
4	R	78136
4	W	78136
36	R	78136
36	J	78151
35	R	78151
35	J	78166
34	R	78166
34	J	78181
33	R	78181
4	J	78193
33	J	78196
4	R	78196
4	W	78196
32	R	78196
31	J	78211
32	J	78211
31	R	78211
31	W	78211
38	R	78211
38	J	78226
37	R	78226
37	J	78241
36	R	78241
36	J	78256
35	R	78256
35	J	78271
34	R	78271
34	J	78286
33	R	78286
33	J	78301
32	R	78301
31	J	78316
32	J	78316
31	R	78316
31	W	78316
38	R	78316
38	J	78331
37	R	78331
37	J	78346
36	R	78346
36	J	78361
35	R	78361
35	J	78376
34	R	78376
34	J	78391
33	R	78391
33	J	78406
32	R	78406
31	J	78421
32	J	78421
31	R	78421
31	W	78421
38	R	78421
38	J	78436
37	R	78436
37	J	78451
36	R	78451
36	J	78466
35	R	78466
35	J	78481
34	R	78481
34	J	78496
33	R	78496
33	J	78511
32	R	78511
31	J	78526
32	J	78526
31	R	78526
31	W	78526
38	R	78526
38	J	78541
37	R	78541
37	J	78556
36	R	78556
36	J	78571
35	R	78571
35	J	78586
34	R	78586
34	J	78601
33	R	78601
33	J	78616
32	R	78616
31	J	78631
32	J	78631
31	R	78631
31	W	78631
38	R	78631
38	J	78646
37	R	78646
4	J	78647
37	J	78661
4	R	78661
40	N	78662
40	J	78663
4	W	78663
36	R	78663
36	J	78678
35	R	78678
35	J	78693
34	R	78693
34	J	78708
33	R	78708
33	J	78723
32	R	78723
31	J	78738
32	J	78738
31	R	78738
31	W	78738
40	R	78738
40	E	78743
4	J	78743
4	R	78744
41	N	78744
41	J	78744
4	W	78745
41	R	78745
4	J	78747
41	E	78748
4	R	78748
4	W	78748
38	R	78748
38	J	78763
37	R	78763
37	J	78778
36	R	78778
36	J	78793
35	R	78793
35	J	78808
34	R	78808
34	J	78823
33	R	78823
33	J	78838
32	R	78838
31	J	78853
32	J	78853
31	R	78853
31	W	78853
38	R	78853
38	J	78868
37	R	78868
37	J	78883
36	R	78883
36	J	78898
35	R	78898
35	J	78913
34	R	78913
34	J	78928
33	R	78928
33	J	78943
32	R	78943
31	J	78958
32	J	78958
31	R	78958
31	W	78958
38	R	78958
38	J	78973
37	R	78973
37	J	78988
36	R	78988
36	J	79003
35	R	79003
35	J	79018
34	R	79018
34	J	79033
33	R	79033
33	J	79048
32	R	79048
32	W	79048
38	R	79048
31	J	79063
38	J	79063
31	R	79063
31	W	79063
37	R	79063
37	J	79078
36	R	79078
36	J	79093
35	R	79093
35	J	79108
34	R	79108
34	J	79123
33	R	79123
33	J	79138
38	R	79138
32	J	79153
38	J	79153
32	R	79153
32	W	79153
37	R	79153
31	J	79168
37	J	79168
31	R	79168
31	W	79168
36	R	79168
36	J	79183
35	R	79183
35	J	79198
34	R	79198
34	J	79213
33	R	79213
33	J	79228
38	R	79228
38	J	79243
37	R	79243
32	J	79258
37	J	79258
32	R	79258
32	W	79258
36	R	79258
31	J	79273
36	J	79273
31	R	79273
31	E	79273
1	J	79273
1	R	79273
1	W	79273
35	R	79273
35	J	79288
34	R	79288
34	J	79303
33	R	79303
33	J	79318
38	R	79318
38	J	79333
37	R	79333
37	J	79348
36	R	79348
32	J	79363
36	J	79363
32	R	79363
32	W	79363
35	R	79363
35	J	79378
34	R	79378
34	J	79393
33	R	79393
33	J	79408
38	R	79408
38	J	79423
37	R	79423
37	J	79438
36	R	79438
36	J	79453
35	R	79453
32	J	79468
35	J	79468
32	R	79468
32	W	79468
34	R	79468
34	J	79483
33	R	79483
33	J	79498
38	R	79498
38	J	79513
37	R	79513
37	J	79528
36	R	79528
36	J	79543
35	R	79543
35	J	79558
34	R	79558
32	J	79573
34	J	79573
32	R	79573
32	W	79573
33	R	79573
33	J	79588
38	R	79588
4	J	79591
38	J	79603
4	R	79603
4	W	79603
37	R	79603
37	J	79618
36	R	79618
4	J	79632
36	J	79633
4	R	79633
4	W	79633
35	R	79633
4	J	79647
35	J	79648
4	R	79648
4	W	79648
34	R	79648
34	J	79663
33	R	79663
4	J	79673
32	J	79678
33	J	79678
32	R	79678
32	W	79678
4	R	79678
4	W	79678
38	R	79678
38	J	79693
37	R	79693
37	J	79708
36	R	79708
36	J	79723
35	R	79723
35	J	79738
34	R	79738
34	J	79753
33	R	79753
33	J	79768
38	R	79768
32	J	79783
38	J	79783
32	R	79783
32	W	79783
37	R	79783
37	J	79798
36	R	79798
36	J	79813
35	R	79813
35	J	79828
34	R	79828
34	J	79843
33	R	79843
33	J	79858
38	R	79858
38	J	79873
37	R	79873
32	J	79888
37	J	79888
32	R	79888
32	W	79888
36	R	79888
36	J	79903
35	R	79903
35	J	79918
34	R	79918
34	J	79933
33	R	79933
33	J	79948
38	R	79948
38	J	79963
37	R	79963
37	J	79978
36	R	79978
32	J	79993
36	J	79993
32	R	79993
32	W	79993
35	R	79993
35	J	80008
34	R	80008
34	J	80023
33	R	80023
33	J	80038
38	R	80038
38	J	80053
37	R	80053
37	J	80068
36	R	80068
36	J	80083
35	R	80083
32	J	80098
35	J	80098
32	R	80098
32	W	80098
34	R	80098
34	J	80113
33	R	80113
33	J	80128
38	R	80128
38	J	80143
37	R	80143
37	J	80158
36	R	80158
36	J	80173
35	R	80173
35	J	80188
34	R	80188
32	J	80203
34	J	80203
32	R	80203
32	W	80203
33	R	80203
33	W	80208
38	R	80208
38	J	80223
37	R	80223
37	J	80238
36	R	80238
4	J	80247
36	J	80253
4	R	80253
4	W	80253
35	R	80253
35	J	80268
34	R	80268
4	J	80280
34	J	80283
4	R	80283
4	W	80283
38	R	80283
38	J	80298
37	R	80298
4	J	80302
33	J	80313
32	J	80313
37	J	80313
32	R	80313
32	W	80313
4	R	80313
4	W	80313
33	R	80313
33	W	80313
36	R	80313
36	J	80328
35	R	80328
35	J	80343
34	R	80343
4	J	80349
34	J	80358
4	R	80358
4	W	80358
38	R	80358
38	J	80373
37	R	80373
37	J	80388
36	R	80388
36	J	80403
35	R	80403
33	J	80418
32	J	80418
35	J	80418
32	R	80418
32	W	80418
33	R	80418
33	W	80418
34	R	80418
34	J	80433
38	R	80433
38	J	80448
37	R	80448
37	J	80463
36	R	80463
36	J	80478
35	R	80478
35	J	80493
34	R	80493
34	J	80508
38	R	80508
33	J	80523
32	J	80523
38	J	80523
33	R	80523
33	W	80523
32	R	80523
32	E	80523
1	J	80523
1	R	80523
1	W	80523
37	R	80523
37	J	80538
36	R	80538
36	J	80553
35	R	80553
35	J	80568
34	R	80568
34	J	80583
38	R	80583
38	J	80598
37	R	80598
37	J	80613
36	R	80613
33	J	80628
36	J	80628
33	R	80628
33	W	80628
35	R	80628
35	J	80643
34	R	80643
34	J	80658
38	R	80658
38	J	80673
37	R	80673
37	J	80688
36	R	80688
36	J	80703
35	R	80703
35	J	80718
34	R	80718
33	J	80733
34	J	80733
33	R	80733
33	W	80733
38	R	80733
38	J	80748
37	R	80748
37	J	80763
36	R	80763
36	J	80778
35	R	80778
35	J	80793
34	R	80793
4	J	80806
34	J	80808
4	R	80808
42	N	80808
42	J	80809
4	W	80809
42	R	80809
